<?xml version="1.0" encoding="UTF-8"?>
<!-- Generated by org.testng.reporters.JUnitReportReporter -->
<testsuite hostname="DESKTOP-OEM0GSB" failures="0" tests="1" name="com.simplilearn.testngselenium.FacebookTest" time="14.994" errors="0" timestamp="2022-03-17T16:36:36 IST" skipped="0">
  <testcase classname="com.simplilearn.testngselenium.FacebookTest" name="login" time="14.994"/>
  <system-out/>
</testsuite> <!-- com.simplilearn.testngselenium.FacebookTest -->
