<?xml version="1.0" encoding="UTF-8"?>
<!-- Generated by org.testng.reporters.JUnitReportReporter -->
<testsuite hostname="DESKTOP-OEM0GSB" failures="0" tests="1" name="com.simplilearn.testngselenium.TestNg1" time="0.016" errors="0" timestamp="2022-03-17T15:59:08 IST" skipped="0">
  <testcase classname="com.simplilearn.testngselenium.TestNg1" name="testTrue" time="0.016"/>
  <system-out/>
</testsuite> <!-- com.simplilearn.testngselenium.TestNg1 -->
